This file contains any messages produced by compilers while
running configure, to aid debugging if configure makes a mistake.

It was created by pinger configure 2.0.1, which was
generated by GNU Autoconf 2.57.  Invocation command line was

  $ ./configure 

## --------- ##
## Platform. ##
## --------- ##

hostname = pinger
uname -m = i686
uname -r = 2.6.32-279.19.1.el6.i686
uname -s = Linux
uname -v = #1 SMP Sat Nov 24 14:42:18 EST 2012

/usr/bin/uname -p = unknown
/bin/uname -X     = unknown

/bin/arch              = i686
/usr/bin/arch -k       = unknown
/usr/convex/getsysinfo = unknown
hostinfo               = unknown
/bin/machine           = unknown
/usr/bin/oslevel       = unknown
/bin/universe          = unknown

PATH: /afs/slac/g/scs/net/netmon/perl/bin
PATH: /usr/lib/qt-3.3/bin
PATH: /usr/lib/openmpi/bin
PATH: /usr/local/bin
PATH: /bin
PATH: /usr/bin
PATH: /usr/sbin
PATH: /usr/local/etc
PATH: /sbin
PATH: /usr/sbin
PATH: /afs/slac/g/scs/net/bin
PATH: /afs/slac/g/scs/net/netmon
PATH: /afs/slac/g/scs/net/cisco/tools
PATH: /afs/slac/package/netmon/netflow/src
PATH: /usr/oracle/bin
PATH: /afs/slac/g/scs/net/projects/net-config/bin


## ----------- ##
## Core tests. ##
## ----------- ##

configure:1239: checking for a BSD-compatible install
configure:1293: result: /usr/bin/install -c
configure:1304: checking whether build environment is sane
configure:1347: result: yes
configure:1380: checking for gawk
configure:1396: found /bin/gawk
configure:1406: result: gawk
configure:1416: checking whether make sets $(MAKE)
configure:1436: result: yes
configure:1585: checking for bash
configure:1615: result: /bin/sh
configure:1630: checking for perl
configure:1648: found /usr/local/bin/perl
configure:1660: result: /usr/local/bin/perl
configure:1675: checking for ping
configure:1693: found /bin/ping
configure:1705: result: /bin/ping
configure:1720: checking for ping6
configure:1738: found /bin/ping6
configure:1750: result: /bin/ping6
configure:1765: checking for dig
configure:1783: found /usr/bin/dig
configure:1795: result: /usr/bin/dig
configure:1810: checking for lynx
configure:1828: found /usr/local/bin/lynx
configure:1840: result: /usr/local/bin/lynx
configure:1855: checking for mail
configure:1873: found /bin/mail
configure:1885: result: /bin/mail
configure:2023: creating ./config.status

## ---------------------- ##
## Running config.status. ##
## ---------------------- ##

This file was extended by pinger config.status 2.0.1, which was
generated by GNU Autoconf 2.57.  Invocation command line was

  CONFIG_FILES    = 
  CONFIG_HEADERS  = 
  CONFIG_LINKS    = 
  CONFIG_COMMANDS = 
  $ ./config.status 

on pinger

config.status:621: creating Makefile
config.status:621: creating sw/Makefile
config.status:621: creating docs/Makefile

## ---------------- ##
## Cache variables. ##
## ---------------- ##

ac_cv_env_build_alias_set=
ac_cv_env_build_alias_value=
ac_cv_env_host_alias_set=
ac_cv_env_host_alias_value=
ac_cv_env_target_alias_set=
ac_cv_env_target_alias_value=
ac_cv_path_BASH=/bin/sh
ac_cv_path_DIG=/usr/bin/dig
ac_cv_path_LYNX=/usr/local/bin/lynx
ac_cv_path_MAIL=/bin/mail
ac_cv_path_PERL=/usr/local/bin/perl
ac_cv_path_PINGV4=/bin/ping
ac_cv_path_PINGV6=/bin/ping6
ac_cv_path_install='/usr/bin/install -c'
ac_cv_prog_AWK=gawk
ac_cv_prog_make_make_set=yes

## ----------------- ##
## Output variables. ##
## ----------------- ##

ACLOCAL='${SHELL} /afs/slac/package/pinger/pingER-2.0.3/missing --run aclocal-1.6'
AMTAR='${SHELL} /afs/slac/package/pinger/pingER-2.0.3/missing --run tar'
AUTOCONF='${SHELL} /afs/slac/package/pinger/pingER-2.0.3/missing --run autoconf'
AUTOHEADER='${SHELL} /afs/slac/package/pinger/pingER-2.0.3/missing --run autoheader'
AUTOMAKE='${SHELL} /afs/slac/package/pinger/pingER-2.0.3/missing --run automake-1.6'
AWK='gawk'
BASH='/bin/sh'
DEFS='-DPACKAGE_NAME=\"pinger\" -DPACKAGE_TARNAME=\"pinger\" -DPACKAGE_VERSION=\"2.0.1\" -DPACKAGE_STRING=\"pinger\ 2.0.1\" -DPACKAGE_BUGREPORT=\"\" -DPACKAGE=\"pinger\" -DVERSION=\"2.0.1\" '
DIG='/usr/bin/dig'
ECHO_C=''
ECHO_N='-n'
ECHO_T=''
INSTALL_DATA='${INSTALL} -m 644'
INSTALL_PROGRAM='${INSTALL}'
INSTALL_SCRIPT='${INSTALL}'
INSTALL_STRIP_PROGRAM='${SHELL} $(install_sh) -c -s'
LIBOBJS=''
LIBS=''
LTLIBOBJS=''
LYNX='/usr/local/bin/lynx'
MAIL='/bin/mail'
MAKEINFO='${SHELL} /afs/slac/package/pinger/pingER-2.0.3/missing --run makeinfo'
PACKAGE='pinger'
PACKAGE_BUGREPORT=''
PACKAGE_NAME='pinger'
PACKAGE_STRING='pinger 2.0.1'
PACKAGE_TARNAME='pinger'
PACKAGE_VERSION='2.0.1'
PATH_SEPARATOR=':'
PERL='/usr/local/bin/perl'
PINGV4='/bin/ping'
PINGV6='/bin/ping6'
SET_MAKE=''
SHELL='/bin/sh'
STRIP=''
VERSION='2.0.1'
ac_ct_STRIP=''
bindir='${exec_prefix}/bin'
build_alias=''
datadir='${prefix}/share'
exec_prefix='${prefix}'
host_alias=''
includedir='${prefix}/include'
infodir='${prefix}/info'
install_sh='/afs/slac/package/pinger/pingER-2.0.3/install-sh'
libdir='${exec_prefix}/lib'
libexecdir='${exec_prefix}/libexec'
localstatedir='${prefix}/var'
mandir='${prefix}/man'
oldincludedir='/usr/include'
prefix='/usr/local'
program_transform_name='s,x,x,'
sbindir='${exec_prefix}/sbin'
sharedstatedir='${prefix}/com'
sysconfdir='${prefix}/etc'
target_alias=''

## ----------- ##
## confdefs.h. ##
## ----------- ##

#define PACKAGE "pinger"
#define PACKAGE_BUGREPORT ""
#define PACKAGE_NAME "pinger"
#define PACKAGE_STRING "pinger 2.0.1"
#define PACKAGE_TARNAME "pinger"
#define PACKAGE_VERSION "2.0.1"
#define VERSION "2.0.1"

configure: exit 0
